Started GET "/" for ::1 at 2017-02-26 19:24:56 -0600
Processing by Rails::WelcomeController#index as HTML
  Parameters: {"internal"=>true}
  Rendering /Users/gerardovazquez/.rvm/gems/ruby-2.3.3@global/gems/railties-5.0.1/lib/rails/templates/rails/welcome/index.html.erb
  Rendered /Users/gerardovazquez/.rvm/gems/ruby-2.3.3@global/gems/railties-5.0.1/lib/rails/templates/rails/welcome/index.html.erb (4.8ms)
Completed 200 OK in 24ms (Views: 11.7ms | ActiveRecord: 0.0ms)


Started GET "/" for ::1 at 2017-02-26 19:24:56 -0600
Processing by Rails::WelcomeController#index as HTML
  Parameters: {"internal"=>true}
  Rendering /Users/gerardovazquez/.rvm/gems/ruby-2.3.3@global/gems/railties-5.0.1/lib/rails/templates/rails/welcome/index.html.erb
  Rendered /Users/gerardovazquez/.rvm/gems/ruby-2.3.3@global/gems/railties-5.0.1/lib/rails/templates/rails/welcome/index.html.erb (3.4ms)
Completed 200 OK in 8ms (Views: 5.7ms | ActiveRecord: 0.0ms)


Started GET "/" for ::1 at 2017-02-26 19:31:39 -0600
Processing by Rails::WelcomeController#index as HTML
  Parameters: {"internal"=>true}
  Rendering /Users/gerardovazquez/.rvm/gems/ruby-2.3.3@global/gems/railties-5.0.1/lib/rails/templates/rails/welcome/index.html.erb
  Rendered /Users/gerardovazquez/.rvm/gems/ruby-2.3.3@global/gems/railties-5.0.1/lib/rails/templates/rails/welcome/index.html.erb (5.7ms)
Completed 200 OK in 32ms (Views: 14.4ms | ActiveRecord: 0.0ms)


Started GET "/" for ::1 at 2017-02-26 19:31:41 -0600
Processing by Rails::WelcomeController#index as HTML
  Parameters: {"internal"=>true}
  Rendering /Users/gerardovazquez/.rvm/gems/ruby-2.3.3@global/gems/railties-5.0.1/lib/rails/templates/rails/welcome/index.html.erb
  Rendered /Users/gerardovazquez/.rvm/gems/ruby-2.3.3@global/gems/railties-5.0.1/lib/rails/templates/rails/welcome/index.html.erb (3.0ms)
Completed 200 OK in 9ms (Views: 5.5ms | ActiveRecord: 0.0ms)


Started GET "/" for ::1 at 2017-02-26 19:31:52 -0600
Started GET "/" for ::1 at 2017-02-26 19:32:02 -0600
Processing by WelcomeController#index as HTML
  Rendering welcome/index.html.erb within layouts/application
  Rendered welcome/index.html.erb within layouts/application (0.3ms)
Completed 200 OK in 1074ms (Views: 1072.0ms | ActiveRecord: 0.0ms)


Processing by WelcomeController#index as HTML
  Rendering welcome/index.html.erb within layouts/application
  Rendered welcome/index.html.erb within layouts/application (0.1ms)
Completed 200 OK in 30ms (Views: 28.1ms | ActiveRecord: 0.0ms)


Started GET "/" for ::1 at 2017-02-26 19:35:58 -0600
Processing by RootController#index as HTML
  Rendering root/index.html.erb within layouts/application
  Rendered root/index.html.erb within layouts/application (2.2ms)
Completed 200 OK in 439ms (Views: 427.9ms | ActiveRecord: 0.0ms)


Started GET "/" for ::1 at 2017-02-26 19:53:55 -0600
Processing by RootController#index as HTML
  Rendering root/index.html.erb within layouts/application
  Rendered root/index.html.erb within layouts/application (3.5ms)
Completed 200 OK in 55ms (Views: 49.1ms | ActiveRecord: 0.0ms)


Started GET "/" for ::1 at 2017-02-26 19:55:34 -0600
Processing by RootController#index as HTML
  Rendering root/index.html.erb within layouts/application
  Rendered root/index.html.erb within layouts/application (1.0ms)
Completed 200 OK in 69ms (Views: 66.5ms | ActiveRecord: 0.0ms)


  [1m[35m (65.3ms)[0m  [1m[35mCREATE TABLE "schema_migrations" ("version" character varying PRIMARY KEY)[0m
  [1m[35m (6.6ms)[0m  [1m[35mCREATE TABLE "ar_internal_metadata" ("key" character varying PRIMARY KEY, "value" character varying, "created_at" timestamp NOT NULL, "updated_at" timestamp NOT NULL)[0m
  [1m[35m (0.8ms)[0m  [1m[34mSELECT pg_try_advisory_lock(5168794849566389475);[0m
  [1m[36mActiveRecord::SchemaMigration Load (0.4ms)[0m  [1m[34mSELECT "schema_migrations".* FROM "schema_migrations"[0m
  [1m[36mActiveRecord::InternalMetadata Load (0.7ms)[0m  [1m[34mSELECT  "ar_internal_metadata".* FROM "ar_internal_metadata" WHERE "ar_internal_metadata"."key" = $1 LIMIT $2[0m  [["key", :environment], ["LIMIT", 1]]
  [1m[35m (0.2ms)[0m  [1m[35mBEGIN[0m
  [1m[35mSQL (2.4ms)[0m  [1m[32mINSERT INTO "ar_internal_metadata" ("key", "value", "created_at", "updated_at") VALUES ($1, $2, $3, $4) RETURNING "key"[0m  [["key", "environment"], ["value", "development"], ["created_at", 2017-02-27 02:33:40 UTC], ["updated_at", 2017-02-27 02:33:40 UTC]]
  [1m[35m (0.3ms)[0m  [1m[35mCOMMIT[0m
  [1m[35m (0.2ms)[0m  [1m[34mSELECT pg_advisory_unlock(5168794849566389475)[0m
  [1m[36mActiveRecord::SchemaMigration Load (0.2ms)[0m  [1m[34mSELECT "schema_migrations".* FROM "schema_migrations"[0m
